2020-12-24 15:48:48,066 - Velocimacro : allowInlineToOverride = false : VMs defined inline may NOT replace previous VM definitions
2020-12-24 15:48:48,067 - Velocimacro : allowInlineLocal = false : VMs defined inline will be global in scope if allowed.
2020-12-24 15:48:48,067 - Velocimacro : autoload off : VM system will not automatically reload global library macros
2020-12-24 15:48:48,071 - ResourceManager : found templates/mail-alert-template.vm with loader org.apache.velocity.runtime.resource.loader.ClasspathResourceLoader
2020-12-24 15:49:02,649 - Log4JLogChute initialized using file 'velocity.log'
2020-12-24 15:49:02,649 - Initializing Velocity, Calling init()...
2020-12-24 15:49:02,649 - Starting Apache Velocity v1.7 (compiled: 2010-11-19 12:14:37)
2020-12-24 15:49:02,649 - Default Properties File: org/apache/velocity/runtime/defaults/velocity.properties
2020-12-24 15:49:02,649 - Trying to use logger class org.apache.velocity.runtime.log.AvalonLogChute
2020-12-24 15:49:02,649 - Target log system for org.apache.velocity.runtime.log.AvalonLogChute is not available (java.lang.NoClassDefFoundError: org/apache/log/format/Formatter).  Falling back to next log system...
2020-12-24 15:49:02,649 - Trying to use logger class org.apache.velocity.runtime.log.Log4JLogChute
2020-12-24 15:49:02,649 - Using logger class org.apache.velocity.runtime.log.Log4JLogChute
2020-12-24 15:49:02,650 - ResourceLoader instantiated: org.apache.velocity.runtime.resource.loader.ClasspathResourceLoader
2020-12-24 15:49:02,650 - ResourceCache: initialized (class org.apache.velocity.runtime.resource.ResourceCacheImpl) with class java.util.Collections$SynchronizedMap cache map.
2020-12-24 15:49:02,650 - Loaded System Directive: org.apache.velocity.runtime.directive.Stop
2020-12-24 15:49:02,650 - Loaded System Directive: org.apache.velocity.runtime.directive.Define
2020-12-24 15:49:02,650 - Loaded System Directive: org.apache.velocity.runtime.directive.Break
2020-12-24 15:49:02,650 - Loaded System Directive: org.apache.velocity.runtime.directive.Evaluate
2020-12-24 15:49:02,650 - Loaded System Directive: org.apache.velocity.runtime.directive.Literal
2020-12-24 15:49:02,650 - Loaded System Directive: org.apache.velocity.runtime.directive.Macro
2020-12-24 15:49:02,650 - Loaded System Directive: org.apache.velocity.runtime.directive.Parse
2020-12-24 15:49:02,650 - Loaded System Directive: org.apache.velocity.runtime.directive.Include
2020-12-24 15:49:02,650 - Loaded System Directive: org.apache.velocity.runtime.directive.Foreach
2020-12-24 15:49:02,650 - Created '20' parsers.
2020-12-24 15:49:02,650 - Velocimacro : "velocimacro.library" is not set.  Trying default library: VM_global_library.vm
2020-12-24 15:49:02,651 - Could not load resource 'VM_global_library.vm' from ResourceLoader org.apache.velocity.runtime.resource.loader.ClasspathResourceLoader: ClasspathResourceLoader Error: cannot find resource VM_global_library.vm
2020-12-24 15:49:02,651 - Velocimacro : Default library not found.
2020-12-24 15:49:02,651 - Velocimacro : allowInline = true : VMs can be defined inline in templates
2020-12-24 15:49:02,651 - Velocimacro : allowInlineToOverride = false : VMs defined inline may NOT replace previous VM definitions
2020-12-24 15:49:02,651 - Velocimacro : allowInlineLocal = false : VMs defined inline will be global in scope if allowed.
2020-12-24 15:49:02,651 - Velocimacro : autoload off : VM system will not automatically reload global library macros
2020-12-24 15:49:02,651 - ResourceManager : found templates/mail-alert-template.vm with loader org.apache.velocity.runtime.resource.loader.ClasspathResourceLoader
2020-12-24 15:49:20,601 - Log4JLogChute initialized using file 'velocity.log'
2020-12-24 15:49:20,601 - Initializing Velocity, Calling init()...
2020-12-24 15:49:20,601 - Starting Apache Velocity v1.7 (compiled: 2010-11-19 12:14:37)
2020-12-24 15:49:20,601 - Default Properties File: org/apache/velocity/runtime/defaults/velocity.properties
2020-12-24 15:49:20,601 - Trying to use logger class org.apache.velocity.runtime.log.AvalonLogChute
2020-12-24 15:49:20,601 - Target log system for org.apache.velocity.runtime.log.AvalonLogChute is not available (java.lang.NoClassDefFoundError: org/apache/log/format/Formatter).  Falling back to next log system...
2020-12-24 15:49:20,601 - Trying to use logger class org.apache.velocity.runtime.log.Log4JLogChute
2020-12-24 15:49:20,601 - Using logger class org.apache.velocity.runtime.log.Log4JLogChute
2020-12-24 15:49:20,601 - ResourceLoader instantiated: org.apache.velocity.runtime.resource.loader.ClasspathResourceLoader
2020-12-24 15:49:20,601 - ResourceCache: initialized (class org.apache.velocity.runtime.resource.ResourceCacheImpl) with class java.util.Collections$SynchronizedMap cache map.
2020-12-24 15:49:20,602 - Loaded System Directive: org.apache.velocity.runtime.directive.Stop
2020-12-24 15:49:20,602 - Loaded System Directive: org.apache.velocity.runtime.directive.Define
2020-12-24 15:49:20,602 - Loaded System Directive: org.apache.velocity.runtime.directive.Break
2020-12-24 15:49:20,602 - Loaded System Directive: org.apache.velocity.runtime.directive.Evaluate
2020-12-24 15:49:20,602 - Loaded System Directive: org.apache.velocity.runtime.directive.Literal
2020-12-24 15:49:20,602 - Loaded System Directive: org.apache.velocity.runtime.directive.Macro
2020-12-24 15:49:20,602 - Loaded System Directive: org.apache.velocity.runtime.directive.Parse
2020-12-24 15:49:20,602 - Loaded System Directive: org.apache.velocity.runtime.directive.Include
2020-12-24 15:49:20,602 - Loaded System Directive: org.apache.velocity.runtime.directive.Foreach
2020-12-24 15:49:20,602 - Created '20' parsers.
2020-12-24 15:49:20,602 - Velocimacro : "velocimacro.library" is not set.  Trying default library: VM_global_library.vm
2020-12-24 15:49:20,602 - Could not load resource 'VM_global_library.vm' from ResourceLoader org.apache.velocity.runtime.resource.loader.ClasspathResourceLoader: ClasspathResourceLoader Error: cannot find resource VM_global_library.vm
2020-12-24 15:49:20,602 - Velocimacro : Default library not found.
2020-12-24 15:49:20,602 - Velocimacro : allowInline = true : VMs can be defined inline in templates
2020-12-24 15:49:20,602 - Velocimacro : allowInlineToOverride = false : VMs defined inline may NOT replace previous VM definitions
2020-12-24 15:49:20,602 - Velocimacro : allowInlineLocal = false : VMs defined inline will be global in scope if allowed.
2020-12-24 15:49:20,603 - Velocimacro : autoload off : VM system will not automatically reload global library macros
2020-12-24 15:49:20,603 - ResourceManager : found templates/mail-alert-template.vm with loader org.apache.velocity.runtime.resource.loader.ClasspathResourceLoader
2020-12-24 15:49:44,959 - Log4JLogChute initialized using file 'velocity.log'
2020-12-24 15:49:44,961 - Initializing Velocity, Calling init()...
2020-12-24 15:49:44,961 - Starting Apache Velocity v1.7 (compiled: 2010-11-19 12:14:37)
2020-12-24 15:49:44,961 - Default Properties File: org/apache/velocity/runtime/defaults/velocity.properties
2020-12-24 15:49:44,961 - Trying to use logger class org.apache.velocity.runtime.log.AvalonLogChute
2020-12-24 15:49:44,961 - Target log system for org.apache.velocity.runtime.log.AvalonLogChute is not available (java.lang.NoClassDefFoundError: org/apache/log/format/Formatter).  Falling back to next log system...
2020-12-24 15:49:44,961 - Trying to use logger class org.apache.velocity.runtime.log.Log4JLogChute
2020-12-24 15:49:44,961 - Using logger class org.apache.velocity.runtime.log.Log4JLogChute
2020-12-24 15:49:44,961 - ResourceLoader instantiated: org.apache.velocity.runtime.resource.loader.ClasspathResourceLoader
2020-12-24 15:49:44,961 - ResourceCache: initialized (class org.apache.velocity.runtime.resource.ResourceCacheImpl) with class java.util.Collections$SynchronizedMap cache map.
2020-12-24 15:49:44,961 - Loaded System Directive: org.apache.velocity.runtime.directive.Stop
2020-12-24 15:49:44,961 - Loaded System Directive: org.apache.velocity.runtime.directive.Define
2020-12-24 15:49:44,961 - Loaded System Directive: org.apache.velocity.runtime.directive.Break
2020-12-24 15:49:44,961 - Loaded System Directive: org.apache.velocity.runtime.directive.Evaluate
2020-12-24 15:49:44,961 - Loaded System Directive: org.apache.velocity.runtime.directive.Literal
2020-12-24 15:49:44,961 - Loaded System Directive: org.apache.velocity.runtime.directive.Macro
2020-12-24 15:49:44,961 - Loaded System Directive: org.apache.velocity.runtime.directive.Parse
2020-12-24 15:49:44,961 - Loaded System Directive: org.apache.velocity.runtime.directive.Include
2020-12-24 15:49:44,961 - Loaded System Directive: org.apache.velocity.runtime.directive.Foreach
2020-12-24 15:49:44,962 - Created '20' parsers.
2020-12-24 15:49:44,962 - Velocimacro : "velocimacro.library" is not set.  Trying default library: VM_global_library.vm
2020-12-24 15:49:44,962 - Could not load resource 'VM_global_library.vm' from ResourceLoader org.apache.velocity.runtime.resource.loader.ClasspathResourceLoader: ClasspathResourceLoader Error: cannot find resource VM_global_library.vm
2020-12-24 15:49:44,962 - Velocimacro : Default library not found.
2020-12-24 15:49:44,962 - Velocimacro : allowInline = true : VMs can be defined inline in templates
2020-12-24 15:49:44,962 - Velocimacro : allowInlineToOverride = false : VMs defined inline may NOT replace previous VM definitions
2020-12-24 15:49:44,962 - Velocimacro : allowInlineLocal = false : VMs defined inline will be global in scope if allowed.
2020-12-24 15:49:44,962 - Velocimacro : autoload off : VM system will not automatically reload global library macros
2020-12-24 15:49:44,963 - ResourceManager : found templates/mail-alert-template.vm with loader org.apache.velocity.runtime.resource.loader.ClasspathResourceLoader
